0 info it worked if it ends with ok
1 verbose cli [ '/usr/local/bin/node', '/usr/local/bin/npm', 'run', 'dev' ]
2 info using npm@4.1.2
3 info using node@v7.7.3
4 verbose run-script [ 'predev', 'dev', 'postdev' ]
5 info lifecycle webpack-dev-boilerplate@1.0.2~predev: webpack-dev-boilerplate@1.0.2
6 silly lifecycle webpack-dev-boilerplate@1.0.2~predev: no script for predev, continuing
7 info lifecycle webpack-dev-boilerplate@1.0.2~dev: webpack-dev-boilerplate@1.0.2
8 verbose lifecycle webpack-dev-boilerplate@1.0.2~dev: unsafe-perm in lifecycle true
9 verbose lifecycle webpack-dev-boilerplate@1.0.2~dev: PATH: /usr/local/lib/node_modules/npm/bin/node-gyp-bin:/Users/kotenyo/GitHub/mymusic/node_modules/.bin:/usr/local/bin:/usr/bin:/bin:/usr/sbin:/sbin
10 verbose lifecycle webpack-dev-boilerplate@1.0.2~dev: CWD: /Users/kotenyo/GitHub/mymusic
11 silly lifecycle webpack-dev-boilerplate@1.0.2~dev: Args: [ '-c', 'webpack-dev-server --progress' ]
12 silly lifecycle webpack-dev-boilerplate@1.0.2~dev: Returned: code: 1  signal: null
13 info lifecycle webpack-dev-boilerplate@1.0.2~dev: Failed to exec dev script
14 verbose stack Error: webpack-dev-boilerplate@1.0.2 dev: `webpack-dev-server --progress`
14 verbose stack Exit status 1
14 verbose stack     at EventEmitter.<anonymous> (/usr/local/lib/node_modules/npm/lib/utils/lifecycle.js:279:16)
14 verbose stack     at emitTwo (events.js:106:13)
14 verbose stack     at EventEmitter.emit (events.js:194:7)
14 verbose stack     at ChildProcess.<anonymous> (/usr/local/lib/node_modules/npm/lib/utils/spawn.js:40:14)
14 verbose stack     at emitTwo (events.js:106:13)
14 verbose stack     at ChildProcess.emit (events.js:194:7)
14 verbose stack     at maybeClose (internal/child_process.js:899:16)
14 verbose stack     at Process.ChildProcess._handle.onexit (internal/child_process.js:226:5)
15 verbose pkgid webpack-dev-boilerplate@1.0.2
16 verbose cwd /Users/kotenyo/GitHub/mymusic
17 error Darwin 16.4.0
18 error argv "/usr/local/bin/node" "/usr/local/bin/npm" "run" "dev"
19 error node v7.7.3
20 error npm  v4.1.2
21 error code ELIFECYCLE
22 error webpack-dev-boilerplate@1.0.2 dev: `webpack-dev-server --progress`
22 error Exit status 1
23 error Failed at the webpack-dev-boilerplate@1.0.2 dev script 'webpack-dev-server --progress'.
23 error Make sure you have the latest version of node.js and npm installed.
23 error If you do, this is most likely a problem with the webpack-dev-boilerplate package,
23 error not with npm itself.
23 error Tell the author that this fails on your system:
23 error     webpack-dev-server --progress
23 error You can get information on how to open an issue for this project with:
23 error     npm bugs webpack-dev-boilerplate
23 error Or if that isn't available, you can get their info via:
23 error     npm owner ls webpack-dev-boilerplate
23 error There is likely additional logging output above.
24 verbose exit [ 1, true ]
